wire if_bj_taken_w;
[5000][BRANCH-JUMP] IFPC=00000000 IFINSTR=00100093 | IDPC=00000000 IDINSTR=00000000 IDJAL=0 IDJALR=0 IDALU=0000 IDIMM=00000000| JAL=0 JALR=0 BRANCH=0 BJTAKEN=0 BJPC=00000000 ALUOP=0 OPERAND_A=00000000 OPERAND_B=00000000 RESULT=00000000
[15000][BRANCH-JUMP] IFPC=00000000 IFINSTR=00100093 | IDPC=00000000 IDINSTR=00000000 IDJAL=0 IDJALR=0 IDALU=0000 IDIMM=00000000| JAL=0 JALR=0 BRANCH=0 BJTAKEN=0 BJPC=00000000 ALUOP=0 OPERAND_A=00000000 OPERAND_B=00000000 RESULT=00000000
[25000][BRANCH-JUMP] IFPC=00000000 IFINSTR=00100093 | IDPC=00000000 IDINSTR=00000000 IDJAL=0 IDJALR=0 IDALU=0000 IDIMM=00000000| JAL=0 JALR=0 BRANCH=0 BJTAKEN=0 BJPC=00000000 ALUOP=0 OPERAND_A=00000000 OPERAND_B=00000000 RESULT=00000000
[35000][BRANCH-JUMP] IFPC=00000004 IFINSTR=00200113 | IDPC=00000000 IDINSTR=00100093 IDJAL=0 IDJALR=0 IDALU=0000 IDIMM=00000001| JAL=0 JALR=0 BRANCH=0 BJTAKEN=0 BJPC=00000000 ALUOP=0 OPERAND_A=00000000 OPERAND_B=00000000 RESULT=00000000
[45000][BRANCH-JUMP] IFPC=00000008 IFINSTR=00300193 | IDPC=00000004 IDINSTR=00200113 IDJAL=0 IDJALR=0 IDALU=0000 IDIMM=00000002| JAL=0 JALR=0 BRANCH=0 BJTAKEN=0 BJPC=00000001 ALUOP=0 OPERAND_A=00000000 OPERAND_B=00000001 RESULT=00000001
[55000][BRANCH-JUMP] IFPC=0000000c IFINSTR=00400213 | IDPC=00000008 IDINSTR=00300193 IDJAL=0 IDJALR=0 IDALU=0000 IDIMM=00000003| JAL=0 JALR=0 BRANCH=0 BJTAKEN=0 BJPC=00000006 ALUOP=0 OPERAND_A=00000000 OPERAND_B=00000002 RESULT=00000002
[65000][BRANCH-JUMP] IFPC=00000010 IFINSTR=00500293 | IDPC=0000000c IDINSTR=00400213 IDJAL=0 IDJALR=0 IDALU=0000 IDIMM=00000004| JAL=0 JALR=0 BRANCH=0 BJTAKEN=0 BJPC=0000000b ALUOP=0 OPERAND_A=00000000 OPERAND_B=00000003 RESULT=00000003
[75000][BRANCH-JUMP] IFPC=00000014 IFINSTR=00208333 | IDPC=00000010 IDINSTR=00500293 IDJAL=0 IDJALR=0 IDALU=0000 IDIMM=00000005| JAL=0 JALR=0 BRANCH=0 BJTAKEN=0 BJPC=00000010 ALUOP=0 OPERAND_A=00000000 OPERAND_B=00000004 RESULT=00000004
[85000][BRANCH-JUMP] IFPC=00000018 IFINSTR=401183b3 | IDPC=00000014 IDINSTR=00208333 IDJAL=0 IDJALR=0 IDALU=0000 IDIMM=00000000| JAL=0 JALR=0 BRANCH=0 BJTAKEN=0 BJPC=00000015 ALUOP=0 OPERAND_A=00000000 OPERAND_B=00000005 RESULT=00000005
[95000][BRANCH-JUMP] IFPC=0000001c IFINSTR=00209433 | IDPC=00000018 IDINSTR=401183b3 IDJAL=0 IDJALR=0 IDALU=0001 IDIMM=00000000| JAL=0 JALR=0 BRANCH=0 BJTAKEN=0 BJPC=00000014 ALUOP=0 OPERAND_A=00000001 OPERAND_B=00000002 RESULT=00000003
[105000][BRANCH-JUMP] IFPC=00000020 IFINSTR=0020a4b3 | IDPC=0000001c IDINSTR=00209433 IDJAL=0 IDJALR=0 IDALU=0010 IDIMM=00000000| JAL=0 JALR=0 BRANCH=0 BJTAKEN=0 BJPC=00000018 ALUOP=1 OPERAND_A=00000003 OPERAND_B=00000001 RESULT=00000002
[115000][BRANCH-JUMP] IFPC=00000024 IFINSTR=0020b533 | IDPC=00000020 IDINSTR=0020a4b3 IDJAL=0 IDJALR=0 IDALU=0011 IDIMM=00000000| JAL=0 JALR=0 BRANCH=0 BJTAKEN=0 BJPC=0000001c ALUOP=2 OPERAND_A=00000001 OPERAND_B=00000002 RESULT=00000004
[125000][BRANCH-JUMP] IFPC=00000028 IFINSTR=0020c5b3 | IDPC=00000024 IDINSTR=0020b533 IDJAL=0 IDJALR=0 IDALU=0100 IDIMM=00000000| JAL=0 JALR=0 BRANCH=0 BJTAKEN=0 BJPC=00000020 ALUOP=3 OPERAND_A=00000001 OPERAND_B=00000002 RESULT=00000001
[135000][BRANCH-JUMP] IFPC=0000002c IFINSTR=00115633 | IDPC=00000028 IDINSTR=0020c5b3 IDJAL=0 IDJALR=0 IDALU=0101 IDIMM=00000000| JAL=0 JALR=0 BRANCH=0 BJTAKEN=0 BJPC=00000024 ALUOP=4 OPERAND_A=00000001 OPERAND_B=00000002 RESULT=00000001
[145000][BRANCH-JUMP] IFPC=00000030 IFINSTR=401156b3 | IDPC=0000002c IDINSTR=00115633 IDJAL=0 IDJALR=0 IDALU=0110 IDIMM=00000000| JAL=0 JALR=0 BRANCH=0 BJTAKEN=0 BJPC=00000028 ALUOP=5 OPERAND_A=00000001 OPERAND_B=00000002 RESULT=00000003
[155000][BRANCH-JUMP] IFPC=00000034 IFINSTR=0020e733 | IDPC=00000030 IDINSTR=401156b3 IDJAL=0 IDJALR=0 IDALU=0111 IDIMM=00000000| JAL=0 JALR=0 BRANCH=0 BJTAKEN=0 BJPC=0000002c ALUOP=6 OPERAND_A=00000002 OPERAND_B=00000001 RESULT=00000001
[165000][BRANCH-JUMP] IFPC=00000038 IFINSTR=0020f7b3 | IDPC=00000034 IDINSTR=0020e733 IDJAL=0 IDJALR=0 IDALU=1000 IDIMM=00000000| JAL=0 JALR=0 BRANCH=0 BJTAKEN=0 BJPC=00000030 ALUOP=7 OPERAND_A=00000002 OPERAND_B=00000001 RESULT=00000001
[175000][BRANCH-JUMP] IFPC=0000003c IFINSTR=00a08813 | IDPC=00000038 IDINSTR=0020f7b3 IDJAL=0 IDJALR=0 IDALU=1001 IDIMM=00000000| JAL=0 JALR=0 BRANCH=0 BJTAKEN=0 BJPC=00000034 ALUOP=8 OPERAND_A=00000001 OPERAND_B=00000002 RESULT=00000003
[185000][BRANCH-JUMP] IFPC=00000040 IFINSTR=0050a893 | IDPC=0000003c IDINSTR=00a08813 IDJAL=0 IDJALR=0 IDALU=0000 IDIMM=0000000a| JAL=0 JALR=0 BRANCH=0 BJTAKEN=0 BJPC=00000038 ALUOP=9 OPERAND_A=00000001 OPERAND_B=00000002 RESULT=00000000
[195000][BRANCH-JUMP] IFPC=00000044 IFINSTR=0050b913 | IDPC=00000040 IDINSTR=0050a893 IDJAL=0 IDJALR=0 IDALU=0011 IDIMM=00000005| JAL=0 JALR=0 BRANCH=0 BJTAKEN=0 BJPC=00000046 ALUOP=0 OPERAND_A=00000001 OPERAND_B=0000000a RESULT=0000000b
[205000][BRANCH-JUMP] IFPC=00000048 IFINSTR=0030c993 | IDPC=00000044 IDINSTR=0050b913 IDJAL=0 IDJALR=0 IDALU=0100 IDIMM=00000005| JAL=0 JALR=0 BRANCH=0 BJTAKEN=0 BJPC=00000045 ALUOP=3 OPERAND_A=00000001 OPERAND_B=00000005 RESULT=00000001
[215000][BRANCH-JUMP] IFPC=0000004c IFINSTR=0070ea13 | IDPC=00000048 IDINSTR=0030c993 IDJAL=0 IDJALR=0 IDALU=0101 IDIMM=00000003| JAL=0 JALR=0 BRANCH=0 BJTAKEN=0 BJPC=00000049 ALUOP=4 OPERAND_A=00000001 OPERAND_B=00000005 RESULT=00000001
[225000][BRANCH-JUMP] IFPC=00000050 IFINSTR=0070fa93 | IDPC=0000004c IDINSTR=0070ea13 IDJAL=0 IDJALR=0 IDALU=1000 IDIMM=00000007| JAL=0 JALR=0 BRANCH=0 BJTAKEN=0 BJPC=0000004b ALUOP=5 OPERAND_A=00000001 OPERAND_B=00000003 RESULT=00000002
[235000][BRANCH-JUMP] IFPC=00000054 IFINSTR=00109b13 | IDPC=00000050 IDINSTR=0070fa93 IDJAL=0 IDJALR=0 IDALU=1001 IDIMM=00000007| JAL=0 JALR=0 BRANCH=0 BJTAKEN=0 BJPC=00000053 ALUOP=8 OPERAND_A=00000001 OPERAND_B=00000007 RESULT=00000007
[245000][BRANCH-JUMP] IFPC=00000058 IFINSTR=0010db93 | IDPC=00000054 IDINSTR=00109b13 IDJAL=0 IDJALR=0 IDALU=0010 IDIMM=00000001| JAL=0 JALR=0 BRANCH=0 BJTAKEN=0 BJPC=00000057 ALUOP=9 OPERAND_A=00000001 OPERAND_B=00000007 RESULT=00000001
[255000][BRANCH-JUMP] IFPC=0000005c IFINSTR=4010dc13 | IDPC=00000058 IDINSTR=0010db93 IDJAL=0 IDJALR=0 IDALU=0110 IDIMM=00000001| JAL=0 JALR=0 BRANCH=0 BJTAKEN=0 BJPC=00000055 ALUOP=2 OPERAND_A=00000001 OPERAND_B=00000001 RESULT=00000002
[265000][BRANCH-JUMP] IFPC=00000060 IFINSTR=0f400c93 | IDPC=0000005c IDINSTR=4010dc13 IDJAL=0 IDJALR=0 IDALU=0111 IDIMM=00000001| JAL=0 JALR=0 BRANCH=0 BJTAKEN=0 BJPC=00000059 ALUOP=6 OPERAND_A=00000001 OPERAND_B=00000001 RESULT=00000000
[275000][BRANCH-JUMP] IFPC=00000064 IFINSTR=000c8d03 | IDPC=00000060 IDINSTR=0f400c93 IDJAL=0 IDJALR=0 IDALU=0000 IDIMM=000000f4| JAL=0 JALR=0 BRANCH=0 BJTAKEN=0 BJPC=0000005d ALUOP=7 OPERAND_A=00000001 OPERAND_B=00000001 RESULT=00000000
[285000][BRANCH-JUMP] IFPC=00000068 IFINSTR=000c9d83 | IDPC=00000064 IDINSTR=000c8d03 IDJAL=0 IDJALR=0 IDALU=0000 IDIMM=00000000| JAL=0 JALR=0 BRANCH=0 BJTAKEN=0 BJPC=00000154 ALUOP=0 OPERAND_A=00000000 OPERAND_B=000000f4 RESULT=000000f4
[295000][BRANCH-JUMP] IFPC=0000006c IFINSTR=000cae03 | IDPC=00000068 IDINSTR=000c9d83 IDJAL=0 IDJALR=0 IDALU=0000 IDIMM=00000000| JAL=0 JALR=0 BRANCH=0 BJTAKEN=0 BJPC=00000064 ALUOP=0 OPERAND_A=000000f4 OPERAND_B=00000000 RESULT=000000f4
[305000][BRANCH-JUMP] IFPC=00000070 IFINSTR=000cce83 | IDPC=0000006c IDINSTR=000cae03 IDJAL=0 IDJALR=0 IDALU=0000 IDIMM=00000000| JAL=0 JALR=0 BRANCH=0 BJTAKEN=0 BJPC=00000068 ALUOP=0 OPERAND_A=000000f4 OPERAND_B=00000000 RESULT=000000f4
[315000][BRANCH-JUMP] IFPC=00000074 IFINSTR=000cdf03 | IDPC=00000070 IDINSTR=000cce83 IDJAL=0 IDJALR=0 IDALU=0000 IDIMM=00000000| JAL=0 JALR=0 BRANCH=0 BJTAKEN=0 BJPC=0000006c ALUOP=0 OPERAND_A=xxxxxxxx OPERAND_B=00000000 RESULT=xxxxxxxx
[325000][BRANCH-JUMP] IFPC=00000078 IFINSTR=001c8023 | IDPC=00000074 IDINSTR=000cdf03 IDJAL=0 IDJALR=0 IDALU=0000 IDIMM=00000000| JAL=0 JALR=0 BRANCH=0 BJTAKEN=0 BJPC=00000070 ALUOP=0 OPERAND_A=000000f4 OPERAND_B=00000000 RESULT=000000f4
[335000][BRANCH-JUMP] IFPC=0000007c IFINSTR=002c9123 | IDPC=00000078 IDINSTR=001c8023 IDJAL=0 IDJALR=0 IDALU=0000 IDIMM=00000000| JAL=0 JALR=0 BRANCH=0 BJTAKEN=0 BJPC=00000074 ALUOP=0 OPERAND_A=000000f4 OPERAND_B=00000000 RESULT=000000f4
[345000][BRANCH-JUMP] IFPC=00000080 IFINSTR=003ca223 | IDPC=0000007c IDINSTR=002c9123 IDJAL=0 IDJALR=0 IDALU=0000 IDIMM=00000002| JAL=0 JALR=0 BRANCH=0 BJTAKEN=0 BJPC=00000078 ALUOP=0 OPERAND_A=000000f4 OPERAND_B=00000000 RESULT=000000f4
[355000][BRANCH-JUMP] IFPC=00000084 IFINSTR=00108463 | IDPC=00000080 IDINSTR=003ca223 IDJAL=0 IDJALR=0 IDALU=0000 IDIMM=00000004| JAL=0 JALR=0 BRANCH=0 BJTAKEN=0 BJPC=0000007e ALUOP=0 OPERAND_A=000000f4 OPERAND_B=00000002 RESULT=000000f6
[365000][BRANCH-JUMP] IFPC=00000088 IFINSTR=00000013 | IDPC=00000084 IDINSTR=00108463 IDJAL=0 IDJALR=0 IDALU=1010 IDIMM=00000008| JAL=0 JALR=0 BRANCH=0 BJTAKEN=0 BJPC=00000084 ALUOP=0 OPERAND_A=000000f4 OPERAND_B=00000004 RESULT=000000f8
[375000][BRANCH-JUMP] IFPC=0000008c IFINSTR=00209463 | IDPC=00000088 IDINSTR=00000013 IDJAL=0 IDJALR=0 IDALU=0000 IDIMM=00000000| JAL=0 JALR=0 BRANCH=1 BJTAKEN=1 BJPC=0000008c ALUOP=a OPERAND_A=00000001 OPERAND_B=00000001 RESULT=00000000
[385000][BRANCH-JUMP] IFPC=00000090 IFINSTR=00000013 | IDPC=0000008c IDINSTR=00209463 IDJAL=0 IDJALR=0 IDALU=1011 IDIMM=00000008| JAL=0 JALR=0 BRANCH=0 BJTAKEN=0 BJPC=00000088 ALUOP=0 OPERAND_A=00000000 OPERAND_B=00000000 RESULT=00000000
[395000][BRANCH-JUMP] IFPC=0000008c IFINSTR=00209463 | IDPC=00000000 IDINSTR=00000000 IDJAL=0 IDJALR=0 IDALU=0000 IDIMM=00000000| JAL=0 JALR=0 BRANCH=0 BJTAKEN=0 BJPC=00000000 ALUOP=0 OPERAND_A=00000000 OPERAND_B=00000000 RESULT=00000000
[405000][BRANCH-JUMP] IFPC=00000090 IFINSTR=00000013 | IDPC=0000008c IDINSTR=00209463 IDJAL=0 IDJALR=0 IDALU=1011 IDIMM=00000008| JAL=0 JALR=0 BRANCH=0 BJTAKEN=0 BJPC=00000000 ALUOP=0 OPERAND_A=00000000 OPERAND_B=00000000 RESULT=00000000
[415000][BRANCH-JUMP] IFPC=00000094 IFINSTR=0020c463 | IDPC=00000090 IDINSTR=00000013 IDJAL=0 IDJALR=0 IDALU=0000 IDIMM=00000000| JAL=0 JALR=0 BRANCH=1 BJTAKEN=1 BJPC=00000094 ALUOP=b OPERAND_A=00000001 OPERAND_B=00000002 RESULT=00000000
[425000][BRANCH-JUMP] IFPC=00000098 IFINSTR=00000013 | IDPC=00000094 IDINSTR=0020c463 IDJAL=0 IDJALR=0 IDALU=1100 IDIMM=00000008| JAL=0 JALR=0 BRANCH=0 BJTAKEN=0 BJPC=00000090 ALUOP=0 OPERAND_A=00000000 OPERAND_B=00000000 RESULT=00000000
[435000][BRANCH-JUMP] IFPC=00000094 IFINSTR=0020c463 | IDPC=00000000 IDINSTR=00000000 IDJAL=0 IDJALR=0 IDALU=0000 IDIMM=00000000| JAL=0 JALR=0 BRANCH=0 BJTAKEN=0 BJPC=00000000 ALUOP=0 OPERAND_A=00000000 OPERAND_B=00000000 RESULT=00000000
[445000][BRANCH-JUMP] IFPC=00000098 IFINSTR=00000013 | IDPC=00000094 IDINSTR=0020c463 IDJAL=0 IDJALR=0 IDALU=1100 IDIMM=00000008| JAL=0 JALR=0 BRANCH=0 BJTAKEN=0 BJPC=00000000 ALUOP=0 OPERAND_A=00000000 OPERAND_B=00000000 RESULT=00000000
[455000][BRANCH-JUMP] IFPC=0000009c IFINSTR=00115463 | IDPC=00000098 IDINSTR=00000013 IDJAL=0 IDJALR=0 IDALU=0000 IDIMM=00000000| JAL=0 JALR=0 BRANCH=1 BJTAKEN=1 BJPC=0000009c ALUOP=c OPERAND_A=00000001 OPERAND_B=00000002 RESULT=00000000
[465000][BRANCH-JUMP] IFPC=000000a0 IFINSTR=00000013 | IDPC=0000009c IDINSTR=00115463 IDJAL=0 IDJALR=0 IDALU=1101 IDIMM=00000008| JAL=0 JALR=0 BRANCH=0 BJTAKEN=0 BJPC=00000098 ALUOP=0 OPERAND_A=00000000 OPERAND_B=00000000 RESULT=00000000
[475000][BRANCH-JUMP] IFPC=0000009c IFINSTR=00115463 | IDPC=00000000 IDINSTR=00000000 IDJAL=0 IDJALR=0 IDALU=0000 IDIMM=00000000| JAL=0 JALR=0 BRANCH=0 BJTAKEN=0 BJPC=00000000 ALUOP=0 OPERAND_A=00000000 OPERAND_B=00000000 RESULT=00000000
[485000][BRANCH-JUMP] IFPC=000000a0 IFINSTR=00000013 | IDPC=0000009c IDINSTR=00115463 IDJAL=0 IDJALR=0 IDALU=1101 IDIMM=00000008| JAL=0 JALR=0 BRANCH=0 BJTAKEN=0 BJPC=00000000 ALUOP=0 OPERAND_A=00000000 OPERAND_B=00000000 RESULT=00000000
[495000][BRANCH-JUMP] IFPC=000000a4 IFINSTR=0020e463 | IDPC=000000a0 IDINSTR=00000013 IDJAL=0 IDJALR=0 IDALU=0000 IDIMM=00000000| JAL=0 JALR=0 BRANCH=1 BJTAKEN=1 BJPC=000000a4 ALUOP=d OPERAND_A=00000002 OPERAND_B=00000001 RESULT=00000000
[505000][BRANCH-JUMP] IFPC=000000a8 IFINSTR=00000013 | IDPC=000000a4 IDINSTR=0020e463 IDJAL=0 IDJALR=0 IDALU=1110 IDIMM=00000008| JAL=0 JALR=0 BRANCH=0 BJTAKEN=0 BJPC=000000a0 ALUOP=0 OPERAND_A=00000000 OPERAND_B=00000000 RESULT=00000000
[515000][BRANCH-JUMP] IFPC=000000a4 IFINSTR=0020e463 | IDPC=00000000 IDINSTR=00000000 IDJAL=0 IDJALR=0 IDALU=0000 IDIMM=00000000| JAL=0 JALR=0 BRANCH=0 BJTAKEN=0 BJPC=00000000 ALUOP=0 OPERAND_A=00000000 OPERAND_B=00000000 RESULT=00000000
[525000][BRANCH-JUMP] IFPC=000000a8 IFINSTR=00000013 | IDPC=000000a4 IDINSTR=0020e463 IDJAL=0 IDJALR=0 IDALU=1110 IDIMM=00000008| JAL=0 JALR=0 BRANCH=0 BJTAKEN=0 BJPC=00000000 ALUOP=0 OPERAND_A=00000000 OPERAND_B=00000000 RESULT=00000000
[535000][BRANCH-JUMP] IFPC=000000ac IFINSTR=00117463 | IDPC=000000a8 IDINSTR=00000013 IDJAL=0 IDJALR=0 IDALU=0000 IDIMM=00000000| JAL=0 JALR=0 BRANCH=1 BJTAKEN=1 BJPC=000000ac ALUOP=e OPERAND_A=00000001 OPERAND_B=00000002 RESULT=00000000
[545000][BRANCH-JUMP] IFPC=000000b0 IFINSTR=00000013 | IDPC=000000ac IDINSTR=00117463 IDJAL=0 IDJALR=0 IDALU=1111 IDIMM=00000008| JAL=0 JALR=0 BRANCH=0 BJTAKEN=0 BJPC=000000a8 ALUOP=0 OPERAND_A=00000000 OPERAND_B=00000000 RESULT=00000000
[555000][BRANCH-JUMP] IFPC=000000ac IFINSTR=00117463 | IDPC=00000000 IDINSTR=00000000 IDJAL=0 IDJALR=0 IDALU=0000 IDIMM=00000000| JAL=0 JALR=0 BRANCH=0 BJTAKEN=0 BJPC=00000000 ALUOP=0 OPERAND_A=00000000 OPERAND_B=00000000 RESULT=00000000
[565000][BRANCH-JUMP] IFPC=000000b0 IFINSTR=00000013 | IDPC=000000ac IDINSTR=00117463 IDJAL=0 IDJALR=0 IDALU=1111 IDIMM=00000008| JAL=0 JALR=0 BRANCH=0 BJTAKEN=0 BJPC=00000000 ALUOP=0 OPERAND_A=00000000 OPERAND_B=00000000 RESULT=00000000
[575000][BRANCH-JUMP] IFPC=000000b4 IFINSTR=00800fef | IDPC=000000b0 IDINSTR=00000013 IDJAL=0 IDJALR=0 IDALU=0000 IDIMM=00000000| JAL=0 JALR=0 BRANCH=1 BJTAKEN=1 BJPC=000000b4 ALUOP=f OPERAND_A=00000002 OPERAND_B=00000001 RESULT=00000000
[585000][BRANCH-JUMP] IFPC=000000b8 IFINSTR=00000013 | IDPC=000000b4 IDINSTR=00800fef IDJAL=1 IDJALR=0 IDALU=0000 IDIMM=00000008| JAL=0 JALR=0 BRANCH=0 BJTAKEN=0 BJPC=000000b0 ALUOP=0 OPERAND_A=00000000 OPERAND_B=00000000 RESULT=00000000
[595000][BRANCH-JUMP] IFPC=000000b4 IFINSTR=00800fef | IDPC=00000000 IDINSTR=00000000 IDJAL=0 IDJALR=0 IDALU=0000 IDIMM=00000000| JAL=0 JALR=0 BRANCH=0 BJTAKEN=0 BJPC=00000000 ALUOP=0 OPERAND_A=00000000 OPERAND_B=00000000 RESULT=00000000
[605000][BRANCH-JUMP] IFPC=000000b8 IFINSTR=00000013 | IDPC=000000b4 IDINSTR=00800fef IDJAL=1 IDJALR=0 IDALU=0000 IDIMM=00000008| JAL=0 JALR=0 BRANCH=0 BJTAKEN=0 BJPC=00000000 ALUOP=0 OPERAND_A=00000000 OPERAND_B=00000000 RESULT=00000000
[615000][BRANCH-JUMP] IFPC=000000bc IFINSTR=00008fe7 | IDPC=000000b8 IDINSTR=00000013 IDJAL=0 IDJALR=0 IDALU=0000 IDIMM=00000000| JAL=1 JALR=0 BRANCH=0 BJTAKEN=1 BJPC=000000bc ALUOP=0 OPERAND_A=00000000 OPERAND_B=00000008 RESULT=00000008
[625000][BRANCH-JUMP] IFPC=000000c0 IFINSTR=123453b7 | IDPC=000000bc IDINSTR=00008fe7 IDJAL=0 IDJALR=1 IDALU=0000 IDIMM=00000000| JAL=0 JALR=0 BRANCH=0 BJTAKEN=0 BJPC=000000b8 ALUOP=0 OPERAND_A=00000000 OPERAND_B=00000000 RESULT=00000000
[635000][BRANCH-JUMP] IFPC=000000bc IFINSTR=00008fe7 | IDPC=00000000 IDINSTR=00000000 IDJAL=0 IDJALR=0 IDALU=0000 IDIMM=00000000| JAL=0 JALR=0 BRANCH=0 BJTAKEN=0 BJPC=00000000 ALUOP=0 OPERAND_A=00000000 OPERAND_B=00000000 RESULT=00000000
[645000][BRANCH-JUMP] IFPC=000000c0 IFINSTR=123453b7 | IDPC=000000bc IDINSTR=00008fe7 IDJAL=0 IDJALR=1 IDALU=0000 IDIMM=00000000| JAL=0 JALR=0 BRANCH=0 BJTAKEN=0 BJPC=00000000 ALUOP=0 OPERAND_A=00000000 OPERAND_B=00000000 RESULT=00000000
[655000][BRANCH-JUMP] IFPC=000000c4 IFINSTR=00010417 | IDPC=000000c0 IDINSTR=123453b7 IDJAL=0 IDJALR=0 IDALU=0000 IDIMM=12345000| JAL=0 JALR=1 BRANCH=0 BJTAKEN=1 BJPC=00000000 ALUOP=0 OPERAND_A=00000001 OPERAND_B=00000000 RESULT=00000001
[665000][BRANCH-JUMP] IFPC=000000c8 IFINSTR=0ff0000f | IDPC=000000c4 IDINSTR=00010417 IDJAL=0 IDJALR=0 IDALU=0000 IDIMM=00010000| JAL=0 JALR=0 BRANCH=0 BJTAKEN=0 BJPC=123450c0 ALUOP=0 OPERAND_A=00000000 OPERAND_B=12345000 RESULT=12345000
[675000][BRANCH-JUMP] IFPC=00000000 IFINSTR=00100093 | IDPC=00000000 IDINSTR=00000000 IDJAL=0 IDJALR=0 IDALU=0000 IDIMM=00000000| JAL=0 JALR=0 BRANCH=0 BJTAKEN=0 BJPC=00000000 ALUOP=0 OPERAND_A=00000000 OPERAND_B=00000000 RESULT=00000000
[685000][BRANCH-JUMP] IFPC=00000004 IFINSTR=00200113 | IDPC=00000000 IDINSTR=00100093 IDJAL=0 IDJALR=0 IDALU=0000 IDIMM=00000001| JAL=0 JALR=0 BRANCH=0 BJTAKEN=0 BJPC=00000000 ALUOP=0 OPERAND_A=00000000 OPERAND_B=00000000 RESULT=00000000
[695000][BRANCH-JUMP] IFPC=00000008 IFINSTR=00300193 | IDPC=00000004 IDINSTR=00200113 IDJAL=0 IDJALR=0 IDALU=0000 IDIMM=00000002| JAL=0 JALR=0 BRANCH=0 BJTAKEN=0 BJPC=00000001 ALUOP=0 OPERAND_A=00000000 OPERAND_B=00000001 RESULT=00000001
[705000][BRANCH-JUMP] IFPC=0000000c IFINSTR=00400213 | IDPC=00000008 IDINSTR=00300193 IDJAL=0 IDJALR=0 IDALU=0000 IDIMM=00000003| JAL=0 JALR=0 BRANCH=0 BJTAKEN=0 BJPC=00000006 ALUOP=0 OPERAND_A=00000000 OPERAND_B=00000002 RESULT=00000002
[715000][BRANCH-JUMP] IFPC=00000010 IFINSTR=00500293 | IDPC=0000000c IDINSTR=00400213 IDJAL=0 IDJALR=0 IDALU=0000 IDIMM=00000004| JAL=0 JALR=0 BRANCH=0 BJTAKEN=0 BJPC=0000000b ALUOP=0 OPERAND_A=00000000 OPERAND_B=00000003 RESULT=00000003
[725000][BRANCH-JUMP] IFPC=00000014 IFINSTR=00208333 | IDPC=00000010 IDINSTR=00500293 IDJAL=0 IDJALR=0 IDALU=0000 IDIMM=00000005| JAL=0 JALR=0 BRANCH=0 BJTAKEN=0 BJPC=00000010 ALUOP=0 OPERAND_A=00000000 OPERAND_B=00000004 RESULT=00000004
[735000][BRANCH-JUMP] IFPC=00000018 IFINSTR=401183b3 | IDPC=00000014 IDINSTR=00208333 IDJAL=0 IDJALR=0 IDALU=0000 IDIMM=00000000| JAL=0 JALR=0 BRANCH=0 BJTAKEN=0 BJPC=00000015 ALUOP=0 OPERAND_A=00000000 OPERAND_B=00000005 RESULT=00000005
[745000][BRANCH-JUMP] IFPC=0000001c IFINSTR=00209433 | IDPC=00000018 IDINSTR=401183b3 IDJAL=0 IDJALR=0 IDALU=0001 IDIMM=00000000| JAL=0 JALR=0 BRANCH=0 BJTAKEN=0 BJPC=00000014 ALUOP=0 OPERAND_A=00000001 OPERAND_B=00000002 RESULT=00000003
[755000][BRANCH-JUMP] IFPC=00000020 IFINSTR=0020a4b3 | IDPC=0000001c IDINSTR=00209433 IDJAL=0 IDJALR=0 IDALU=0010 IDIMM=00000000| JAL=0 JALR=0 BRANCH=0 BJTAKEN=0 BJPC=00000018 ALUOP=1 OPERAND_A=00000003 OPERAND_B=00000001 RESULT=00000002
[765000][BRANCH-JUMP] IFPC=00000024 IFINSTR=0020b533 | IDPC=00000020 IDINSTR=0020a4b3 IDJAL=0 IDJALR=0 IDALU=0011 IDIMM=00000000| JAL=0 JALR=0 BRANCH=0 BJTAKEN=0 BJPC=0000001c ALUOP=2 OPERAND_A=00000001 OPERAND_B=00000002 RESULT=00000004
[775000][BRANCH-JUMP] IFPC=00000028 IFINSTR=0020c5b3 | IDPC=00000024 IDINSTR=0020b533 IDJAL=0 IDJALR=0 IDALU=0100 IDIMM=00000000| JAL=0 JALR=0 BRANCH=0 BJTAKEN=0 BJPC=00000020 ALUOP=3 OPERAND_A=00000001 OPERAND_B=00000002 RESULT=00000001
[785000][BRANCH-JUMP] IFPC=0000002c IFINSTR=00115633 | IDPC=00000028 IDINSTR=0020c5b3 IDJAL=0 IDJALR=0 IDALU=0101 IDIMM=00000000| JAL=0 JALR=0 BRANCH=0 BJTAKEN=0 BJPC=00000024 ALUOP=4 OPERAND_A=00000001 OPERAND_B=00000002 RESULT=00000001
[795000][BRANCH-JUMP] IFPC=00000030 IFINSTR=401156b3 | IDPC=0000002c IDINSTR=00115633 IDJAL=0 IDJALR=0 IDALU=0110 IDIMM=00000000| JAL=0 JALR=0 BRANCH=0 BJTAKEN=0 BJPC=00000028 ALUOP=5 OPERAND_A=00000001 OPERAND_B=00000002 RESULT=00000003
